Path: 
Path: _metadata
Path: configStore
Path: configStore_items_NextChannelId
Path: configStore
Path: configStore_items_evaluateExpressions
Path: configStore
Path: configStore_items_MigrationComplete8.4
Path: configStore
Path: configStore_items_IdPOverrideMode
Path: configStore_items_IdPOverrideOn
Path: configStore_items_SPOverrideMode
Path: configStore_items_SPOverrideOn
Path: configStore
Path: configStore_items_communityName
Path: configStore_items_localAgentPort
Path: configStore_items_remoteManagerPort
Path: configStore_items_remoteManagerServer
Path: configStore_items_respondToGetRequests
Path: configStore_items_sendTraps
Path: configStore_items_trapInterval
Path: configStore
Path: configStore_items_partner.cert.migration.complete
Path: configStore
Path: configStore_items_AllowedTrackedParams
Path: configStore
Path: configStore_items_MigrationComplete8.4
Path: configStore
Path: configStore_items_entropy
Path: configStore
Path: configStore
Path: configStore_items_SessionDataSegmentLength
Path: configStore
Path: configStore
Path: configStore_items_authnSessionData
Path: configStore_items_authnSessionGroupExpiryTime
Path: configStore_items_authnSessionGroupHashedSessionId
Path: configStore_items_authnSessionGroupId
Path: configStore_items_authnSessionGroupLastActivityTime
Path: configStore_items_authnSessionGroupMetdata
Path: configStore_items_authnSessionGroupParentId
Path: configStore_items_authnSessionGroupUserIds
Path: configStore_items_sessionAttributeHash
Path: configStore
Path: configStore
Path: configStore_items_http_//docs.oasis_open.org/wss/2004/01/oasis_200401_wss_username_token_profile_1.0#UsernameToken
Path: configStore
Path: license_agreement
Path: license_agreement_items
Path: certificates_ca
Path: certificates_ca_items_17yckhh519o1ep44z1v2v99o9
Looking for config aliase: certificates_ca_items_17yckhh519o1ep44z1v2v99o9_17yckhh519o1ep44z1v2v99o9_fileData, administrativeAccounts_items_Administrator_password
Path: certificates_ca_items_qwsmabq0zwl4ki2samje5gkkt
Looking for config aliase: certificates_ca_items_qwsmabq0zwl4ki2samje5gkkt_qwsmabq0zwl4ki2samje5gkkt_fileData, administrativeAccounts_items_Administrator_password
Path: keyPairs_sslServer
Path: keyPairs_sslServer_items_6uqpj3hmx4usbvy1qkhi5563z
Looking for config aliase: keyPairs_sslServer_items_6uqpj3hmx4usbvy1qkhi5563z_6uqpj3hmx4usbvy1qkhi5563z_fileData, administrativeAccounts_items_Administrator_password
Looking for config aliase: keyPairs_sslServer_items_6uqpj3hmx4usbvy1qkhi5563z_6uqpj3hmx4usbvy1qkhi5563z_password, administrativeAccounts_items_Administrator_password
Path: keyPairs_sslServer_settings
Path: keyPairs_sslServer_settings_items
Path: keyPairs_sslServer_settings_items_activeRuntimeServerCerts_6uqpj3hmx4usbvy1qkhi5563z
Path: keyPairs_sslServer_settings_items_activeAdminConsoleCerts_6uqpj3hmx4usbvy1qkhi5563z
Path: keyPairs_sslServer_settings_items_adminConsoleCertRef_6uqpj3hmx4usbvy1qkhi5563z
Path: keyPairs_sslServer_settings_items_runtimeServerCertRef_6uqpj3hmx4usbvy1qkhi5563z
Path: keyPairs_signing
Path: keyPairs_signing_items_ajrijhaata1nimo231vviponq
Looking for config aliase: keyPairs_signing_items_ajrijhaata1nimo231vviponq_ajrijhaata1nimo231vviponq_fileData, administrativeAccounts_items_Administrator_password
Looking for config aliase: keyPairs_signing_items_ajrijhaata1nimo231vviponq_ajrijhaata1nimo231vviponq_password, administrativeAccounts_items_Administrator_password
Path: keyPairs_signing_items_pm6nwq81e1p7obue9z4hu8unh
Looking for config aliase: keyPairs_signing_items_pm6nwq81e1p7obue9z4hu8unh_pm6nwq81e1p7obue9z4hu8unh_fileData, administrativeAccounts_items_Administrator_password
Looking for config aliase: keyPairs_signing_items_pm6nwq81e1p7obue9z4hu8unh_pm6nwq81e1p7obue9z4hu8unh_password, administrativeAccounts_items_Administrator_password
Path: keyPairs_oauthOpenIdConnect
Path: keyPairs_oauthOpenIdConnect_items
Path: dataStores
Path: dataStores_items_JDBC_166055B89950CB45DBC0B276FCE35E267003A648
Looking for config aliase: dataStores_items_JDBC_166055B89950CB45DBC0B276FCE35E267003A648_JDBC_166055B89950CB45DBC0B276FCE35E267003A648_password, administrativeAccounts_items_Administrator_password
Path: dataStores_items_JDBC_166055B89950CB45DBC0B276FCE35E267003A648_connectionUrlTags
Path: dataStores_items_LDAP_218F212EF3FDBB990E1B1E0C8699276AF84E4C94
Looking for config aliase: dataStores_items_LDAP_218F212EF3FDBB990E1B1E0C8699276AF84E4C94_LDAP_218F212EF3FDBB990E1B1E0C8699276AF84E4C94_password, administrativeAccounts_items_Administrator_password
Path: dataStores_items_LDAP_218F212EF3FDBB990E1B1E0C8699276AF84E4C94_hostnamesTags
Path: dataStores_items_LDAP_8C05E186F74E29DF98A734F689AA5B6FB14896A1
Looking for config aliase: dataStores_items_LDAP_8C05E186F74E29DF98A734F689AA5B6FB14896A1_LDAP_8C05E186F74E29DF98A734F689AA5B6FB14896A1_password, administrativeAccounts_items_Administrator_password
Path: dataStores_items_LDAP_8C05E186F74E29DF98A734F689AA5B6FB14896A1_hostnamesTags
Path: dataStores_items_LDAP_9ABE4366B80705279C3BD4041B19F116EF61407E
Looking for config aliase: dataStores_items_LDAP_9ABE4366B80705279C3BD4041B19F116EF61407E_LDAP_9ABE4366B80705279C3BD4041B19F116EF61407E_password, administrativeAccounts_items_Administrator_password
Path: dataStores_items_LDAP_9ABE4366B80705279C3BD4041B19F116EF61407E_hostnamesTags
Path: dataStores_items_ProvisionerDS
Looking for config aliase: dataStores_items_ProvisionerDS_ProvisionerDS_password, administrativeAccounts_items_Administrator_password
Path: dataStores_items_ProvisionerDS_connectionUrlTags
Path: notificationPublishers
Path: notificationPublishers_items_ama1
Path: notificationPublishers_items_ama1_configuration
Path: notificationPublishers_items_ama1_configuration_fields
Path: notificationPublishers_items_ama1_configuration_fields
Path: notificationPublishers_items_ama1_pluginDescriptorRef_com.pingidentity.pf.notification.aws.AmazonSnsNotificationPublisherPlugin
Path: notificationPublishers_settings
Path: notificationPublishers_settings_items
Path: notificationPublishers_settings_items_defaultNotificationPublisherRef_ama1
Path: serverSettings
Path: serverSettings_items
Path: serverSettings_items_federationInfo
Path: serverSettings_items_contactInfo
Path: serverSettings_items_rolesAndProtocols
Path: serverSettings_items_rolesAndProtocols_oauthRole
Path: serverSettings_items_rolesAndProtocols_spRole
Path: serverSettings_items_rolesAndProtocols_spRole_saml20Profile
Path: serverSettings_items_rolesAndProtocols_idpRole
Path: serverSettings_items_rolesAndProtocols_idpRole_saml20Profile
Path: serverSettings_items_notifications
Path: serverSettings_systemKeys
Path: serverSettings_systemKeys_items
Path: serverSettings_systemKeys_items_current
Looking for config aliase: serverSettings_systemKeys_items_current_keyData, administrativeAccounts_items_Administrator_password
Path: serverSettings_systemKeys_items_pending
Looking for config aliase: serverSettings_systemKeys_items_pending_keyData, administrativeAccounts_items_Administrator_password
Path: serverSettings_outboundProvisioning
Path: serverSettings_outboundProvisioning_items
Path: serverSettings_outboundProvisioning_items_dataStoreRef_JDBC_166055B89950CB45DBC0B276FCE35E267003A648
Path: administrativeAccounts
Path: administrativeAccounts_items
Looking for config aliase: administrativeAccounts_items_administrator_password, administrativeAccounts_items_Administrator_password
Path: certificates_revocation_settings
Path: certificates_revocation_settings_items
Path: certificates_revocation_settings_items_crlSettings
Path: virtualHostNames
Path: virtualHostNames_items
Path: redirectValidation
Path: redirectValidation_items
Path: redirectValidation_items_redirectValidationLocalSettings
Path: redirectValidation_items_redirectValidationPartnerSettings
Path: passwordCredentialValidators
Path: passwordCredentialValidators_items_PDLDAP
Path: passwordCredentialValidators_items_PDLDAP_configuration
Path: passwordCredentialValidators_items_PDLDAP_configuration_tables
Path: passwordCredentialValidators_items_PDLDAP_configuration_fields
Path: passwordCredentialValidators_items_PDLDAP_configuration_fields
Path: passwordCredentialValidators_items_PDLDAP_configuration_fields
Path: passwordCredentialValidators_items_PDLDAP_configuration_fields
Path: passwordCredentialValidators_items_PDLDAP_configuration_fields
Path: passwordCredentialValidators_items_PDLDAP_configuration_fields
Path: passwordCredentialValidators_items_PDLDAP_configuration_fields
Path: passwordCredentialValidators_items_PDLDAP_configuration_fields
Path: passwordCredentialValidators_items_PDLDAP_configuration_fields
Path: passwordCredentialValidators_items_PDLDAP_configuration_fields
Path: passwordCredentialValidators_items_PDLDAP_configuration_fields
Path: passwordCredentialValidators_items_PDLDAP_configuration_fields
Path: passwordCredentialValidators_items_PDLDAP_configuration_fields
Path: passwordCredentialValidators_items_PDLDAP_pluginDescriptorRef_org.sourceid.saml20.domain.LDAPUsernamePasswordCredentialValidator
Path: passwordCredentialValidators_items_PDLDAP_attributeContract
Path: passwordCredentialValidators_items_PDLDAP_attributeContract_coreAttributes
Path: passwordCredentialValidators_items_PDLDAP_attributeContract_coreAttributes
Path: passwordCredentialValidators_items_PDLDAP_attributeContract_coreAttributes
Path: passwordCredentialValidators_items_PDLDAP_attributeContract_coreAttributes
Path: passwordCredentialValidators_items_UserPass
Path: passwordCredentialValidators_items_UserPass_configuration
Path: passwordCredentialValidators_items_UserPass_configuration_tables
Path: passwordCredentialValidators_items_UserPass_configuration_tables_rows
Path: passwordCredentialValidators_items_UserPass_configuration_tables_rows_fields
Path: passwordCredentialValidators_items_UserPass_configuration_tables_rows_fields
Looking for config aliase: passwordCredentialValidators_items_UserPass_configuration_tables_rows_fields_Password_value, administrativeAccounts_items_Administrator_password
Path: passwordCredentialValidators_items_UserPass_configuration_tables_rows_fields
Looking for config aliase: passwordCredentialValidators_items_UserPass_configuration_tables_rows_fields_Confirm_Password_value, administrativeAccounts_items_Administrator_password
Path: passwordCredentialValidators_items_UserPass_configuration_tables_rows
Path: passwordCredentialValidators_items_UserPass_configuration_tables_rows_fields
Path: passwordCredentialValidators_items_UserPass_configuration_tables_rows_fields
Looking for config aliase: passwordCredentialValidators_items_UserPass_configuration_tables_rows_fields_Password_value, administrativeAccounts_items_Administrator_password
Path: passwordCredentialValidators_items_UserPass_configuration_tables_rows_fields
Looking for config aliase: passwordCredentialValidators_items_UserPass_configuration_tables_rows_fields_Confirm_Password_value, administrativeAccounts_items_Administrator_password
Path: passwordCredentialValidators_items_UserPass_configuration_tables_rows
Path: passwordCredentialValidators_items_UserPass_configuration_tables_rows_fields
Path: passwordCredentialValidators_items_UserPass_configuration_tables_rows_fields
Looking for config aliase: passwordCredentialValidators_items_UserPass_configuration_tables_rows_fields_Password_value, administrativeAccounts_items_Administrator_password
Path: passwordCredentialValidators_items_UserPass_configuration_tables_rows_fields
Looking for config aliase: passwordCredentialValidators_items_UserPass_configuration_tables_rows_fields_Confirm_Password_value, administrativeAccounts_items_Administrator_password
Path: passwordCredentialValidators_items_UserPass_pluginDescriptorRef_org.sourceid.saml20.domain.SimpleUsernamePasswordCredentialValidator
Path: passwordCredentialValidators_items_UserPass_attributeContract
Path: passwordCredentialValidators_items_UserPass_attributeContract_coreAttributes
Path: oauth_accessTokenManagers
Path: oauth_accessTokenManagers_items_jwt
Path: oauth_accessTokenManagers_items_jwt_sessionValidationSettings
Path: oauth_accessTokenManagers_items_jwt_configuration
Path: oauth_accessTokenManagers_items_jwt_configuration_tables
Path: oauth_accessTokenManagers_items_jwt_configuration_tables
Path: oauth_accessTokenManagers_items_jwt_configuration_tables_rows
Path: oauth_accessTokenManagers_items_jwt_configuration_tables_rows_fields
Path: oauth_accessTokenManagers_items_jwt_configuration_tables_rows_fields
Path: oauth_accessTokenManagers_items_jwt_configuration_tables_rows
Path: oauth_accessTokenManagers_items_jwt_configuration_tables_rows_fields
Path: oauth_accessTokenManagers_items_jwt_configuration_tables_rows_fields
Path: oauth_accessTokenManagers_items_jwt_configuration_fields
Path: oauth_accessTokenManagers_items_jwt_configuration_fields
Path: oauth_accessTokenManagers_items_jwt_configuration_fields
Path: oauth_accessTokenManagers_items_jwt_configuration_fields
Path: oauth_accessTokenManagers_items_jwt_configuration_fields
Path: oauth_accessTokenManagers_items_jwt_configuration_fields
Path: oauth_accessTokenManagers_items_jwt_configuration_fields
Path: oauth_accessTokenManagers_items_jwt_configuration_fields
Path: oauth_accessTokenManagers_items_jwt_configuration_fields
Path: oauth_accessTokenManagers_items_jwt_configuration_fields
Path: oauth_accessTokenManagers_items_jwt_configuration_fields
Path: oauth_accessTokenManagers_items_jwt_configuration_fields
Path: oauth_accessTokenManagers_items_jwt_configuration_fields
Path: oauth_accessTokenManagers_items_jwt_configuration_fields
Path: oauth_accessTokenManagers_items_jwt_configuration_fields
Path: oauth_accessTokenManagers_items_jwt_configuration_fields
Path: oauth_accessTokenManagers_items_jwt_configuration_fields
Path: oauth_accessTokenManagers_items_jwt_configuration_fields
Path: oauth_accessTokenManagers_items_jwt_configuration_fields
Path: oauth_accessTokenManagers_items_jwt_configuration_fields
Path: oauth_accessTokenManagers_items_jwt_configuration_fields
Path: oauth_accessTokenManagers_items_jwt_configuration_fields
Path: oauth_accessTokenManagers_items_jwt_configuration_fields
Path: oauth_accessTokenManagers_items_jwt_configuration_fields
Path: oauth_accessTokenManagers_items_jwt_configuration_fields
Path: oauth_accessTokenManagers_items_jwt_configuration_fields
Path: oauth_accessTokenManagers_items_jwt_pluginDescriptorRef_com.pingidentity.pf.access.token.management.plugins.JwtBearerAccessTokenManagementPlugin
Path: oauth_accessTokenManagers_items_jwt_accessControlSettings
Path: oauth_accessTokenManagers_items_jwt_attributeContract
Path: oauth_accessTokenManagers_items_jwt_attributeContract_extendedAttributes
Path: oauth_accessTokenManagers_items_jwt_attributeContract_extendedAttributes
Path: oauth_accessTokenManagers_items_jwt_selectionSettings
Path: oauth_accessTokenManagers_items_ref
Path: oauth_accessTokenManagers_items_ref_sessionValidationSettings
Path: oauth_accessTokenManagers_items_ref_configuration
Path: oauth_accessTokenManagers_items_ref_configuration_fields
Path: oauth_accessTokenManagers_items_ref_configuration_fields
Path: oauth_accessTokenManagers_items_ref_configuration_fields
Path: oauth_accessTokenManagers_items_ref_configuration_fields
Path: oauth_accessTokenManagers_items_ref_configuration_fields
Path: oauth_accessTokenManagers_items_ref_configuration_fields
Path: oauth_accessTokenManagers_items_ref_configuration_fields
Path: oauth_accessTokenManagers_items_ref_pluginDescriptorRef_org.sourceid.oauth20.token.plugin.impl.ReferenceBearerAccessTokenManagementPlugin
Path: oauth_accessTokenManagers_items_ref_accessControlSettings
Path: oauth_accessTokenManagers_items_ref_attributeContract
Path: oauth_accessTokenManagers_items_ref_attributeContract_extendedAttributes
Path: oauth_accessTokenManagers_items_ref_attributeContract_extendedAttributes
Path: oauth_accessTokenManagers_items_ref_selectionSettings
Path: oauth_accessTokenManagers_settings
Path: oauth_accessTokenManagers_settings_items
Path: oauth_accessTokenManagers_settings_items_defaultAccessTokenManagerRef_jwt
Path: kerberos_realms_settings
Path: kerberos_realms_settings_items
Path: idp_adapters
Path: idp_adapters_items_HTMLFormSimplePCV
Path: idp_adapters_items_HTMLFormSimplePCV_attributeMapping
Path: idp_adapters_items_HTMLFormSimplePCV_attributeMapping_attributeContractFulfillment
Path: idp_adapters_items_HTMLFormSimplePCV_attributeMapping_attributeContractFulfillment_policy.action
Path: idp_adapters_items_HTMLFormSimplePCV_attributeMapping_attributeContractFulfillment_policy.action_source
Path: idp_adapters_items_HTMLFormSimplePCV_attributeMapping_attributeContractFulfillment_username
Path: idp_adapters_items_HTMLFormSimplePCV_attributeMapping_attributeContractFulfillment_username_source
Path: idp_adapters_items_HTMLFormSimplePCV_attributeMapping_issuanceCriteria
Path: idp_adapters_items_HTMLFormSimplePCV_configuration
Path: idp_adapters_items_HTMLFormSimplePCV_configuration_tables
Path: idp_adapters_items_HTMLFormSimplePCV_configuration_tables_rows
Path: idp_adapters_items_HTMLFormSimplePCV_configuration_tables_rows_fields
Path: idp_adapters_items_HTMLFormSimplePCV_configuration_tables_rows
Path: idp_adapters_items_HTMLFormSimplePCV_configuration_tables_rows_fields
Path: idp_adapters_items_HTMLFormSimplePCV_configuration_fields
Path: idp_adapters_items_HTMLFormSimplePCV_configuration_fields
Path: idp_adapters_items_HTMLFormSimplePCV_configuration_fields
Path: idp_adapters_items_HTMLFormSimplePCV_configuration_fields
Path: idp_adapters_items_HTMLFormSimplePCV_configuration_fields
Path: idp_adapters_items_HTMLFormSimplePCV_configuration_fields
Path: idp_adapters_items_HTMLFormSimplePCV_configuration_fields
Path: idp_adapters_items_HTMLFormSimplePCV_configuration_fields
Path: idp_adapters_items_HTMLFormSimplePCV_configuration_fields
Path: idp_adapters_items_HTMLFormSimplePCV_configuration_fields
Path: idp_adapters_items_HTMLFormSimplePCV_configuration_fields
Path: idp_adapters_items_HTMLFormSimplePCV_configuration_fields
Path: idp_adapters_items_HTMLFormSimplePCV_configuration_fields
Path: idp_adapters_items_HTMLFormSimplePCV_configuration_fields
Path: idp_adapters_items_HTMLFormSimplePCV_configuration_fields
Path: idp_adapters_items_HTMLFormSimplePCV_configuration_fields
Path: idp_adapters_items_HTMLFormSimplePCV_configuration_fields
Path: idp_adapters_items_HTMLFormSimplePCV_configuration_fields
Path: idp_adapters_items_HTMLFormSimplePCV_configuration_fields
Path: idp_adapters_items_HTMLFormSimplePCV_configuration_fields
Path: idp_adapters_items_HTMLFormSimplePCV_configuration_fields
Path: idp_adapters_items_HTMLFormSimplePCV_configuration_fields
Path: idp_adapters_items_HTMLFormSimplePCV_configuration_fields
Path: idp_adapters_items_HTMLFormSimplePCV_configuration_fields
Path: idp_adapters_items_HTMLFormSimplePCV_configuration_fields
Path: idp_adapters_items_HTMLFormSimplePCV_configuration_fields
Path: idp_adapters_items_HTMLFormSimplePCV_configuration_fields
Path: idp_adapters_items_HTMLFormSimplePCV_configuration_fields
Path: idp_adapters_items_HTMLFormSimplePCV_configuration_fields
Path: idp_adapters_items_HTMLFormSimplePCV_configuration_fields
Path: idp_adapters_items_HTMLFormSimplePCV_configuration_fields
Path: idp_adapters_items_HTMLFormSimplePCV_configuration_fields
Path: idp_adapters_items_HTMLFormSimplePCV_configuration_fields
Path: idp_adapters_items_HTMLFormSimplePCV_configuration_fields
Path: idp_adapters_items_HTMLFormSimplePCV_configuration_fields
Path: idp_adapters_items_HTMLFormSimplePCV_configuration_fields
Path: idp_adapters_items_HTMLFormSimplePCV_configuration_fields
Path: idp_adapters_items_HTMLFormSimplePCV_configuration_fields
Path: idp_adapters_items_HTMLFormSimplePCV_configuration_fields
Path: idp_adapters_items_HTMLFormSimplePCV_configuration_fields
Path: idp_adapters_items_HTMLFormSimplePCV_configuration_fields
Path: idp_adapters_items_HTMLFormSimplePCV_configuration_fields
Looking for config aliase: idp_adapters_items_HTMLFormSimplePCV_configuration_fields_PingID_Properties_value, administrativeAccounts_items_Administrator_password
Path: idp_adapters_items_HTMLFormSimplePCV_configuration_fields
Path: idp_adapters_items_HTMLFormSimplePCV_configuration_fields
Path: idp_adapters_items_HTMLFormSimplePCV_configuration_fields
Path: idp_adapters_items_HTMLFormSimplePCV_configuration_fields
Path: idp_adapters_items_HTMLFormSimplePCV_configuration_fields
Path: idp_adapters_items_HTMLFormSimplePCV_configuration_fields
Path: idp_adapters_items_HTMLFormSimplePCV_configuration_fields
Path: idp_adapters_items_HTMLFormSimplePCV_configuration_fields
Path: idp_adapters_items_HTMLFormSimplePCV_pluginDescriptorRef_com.pingidentity.adapters.htmlform.idp.HtmlFormIdpAuthnAdapter
Path: idp_adapters_items_HTMLFormSimplePCV_attributeContract
Path: idp_adapters_items_HTMLFormSimplePCV_attributeContract_coreAttributes
Path: idp_adapters_items_HTMLFormSimplePCV_attributeContract_coreAttributes
Path: idp_adapters_items_openidConnector
Path: idp_adapters_items_openidConnector_attributeMapping
Path: idp_adapters_items_openidConnector_attributeMapping_attributeContractFulfillment
Path: idp_adapters_items_openidConnector_attributeMapping_attributeContractFulfillment_openid
Path: idp_adapters_items_openidConnector_attributeMapping_attributeContractFulfillment_openid_source
Path: idp_adapters_items_openidConnector_attributeMapping_issuanceCriteria
Path: idp_adapters_items_openidConnector_configuration
Path: idp_adapters_items_openidConnector_configuration_tables
Path: idp_adapters_items_openidConnector_configuration_fields
Path: idp_adapters_items_openidConnector_configuration_fields
Path: idp_adapters_items_openidConnector_configuration_fields
Path: idp_adapters_items_openidConnector_configuration_fields
Path: idp_adapters_items_openidConnector_configuration_fields
Path: idp_adapters_items_openidConnector_configuration_fields
Path: idp_adapters_items_openidConnector_configuration_fields
Path: idp_adapters_items_openidConnector_configuration_fields
Path: idp_adapters_items_openidConnector_configuration_fields
Path: idp_adapters_items_openidConnector_configuration_fields
Path: idp_adapters_items_openidConnector_configuration_fields
Path: idp_adapters_items_openidConnector_configuration_fields
Path: idp_adapters_items_openidConnector_configuration_fields
Path: idp_adapters_items_openidConnector_configuration_fields
Path: idp_adapters_items_openidConnector_configuration_fields
Path: idp_adapters_items_openidConnector_configuration_fields
Path: idp_adapters_items_openidConnector_configuration_fields
Path: idp_adapters_items_openidConnector_configuration_fields
Path: idp_adapters_items_openidConnector_pluginDescriptorRef_com.pingidentity.adapters.openid.idp.generic.OpenIDAuthenticationAdapter
Path: idp_adapters_items_openidConnector_attributeContract
Path: idp_adapters_items_openidConnector_attributeContract_coreAttributes
Path: idp_adapters_items_sss
Path: idp_adapters_items_sss_attributeMapping
Path: idp_adapters_items_sss_attributeMapping_attributeContractFulfillment
Path: idp_adapters_items_sss_attributeMapping_attributeContractFulfillment_policy.action
Path: idp_adapters_items_sss_attributeMapping_attributeContractFulfillment_policy.action_source
Path: idp_adapters_items_sss_attributeMapping_attributeContractFulfillment_username
Path: idp_adapters_items_sss_attributeMapping_attributeContractFulfillment_username_source
Path: idp_adapters_items_sss_attributeMapping_issuanceCriteria
Path: idp_adapters_items_sss_configuration
Path: idp_adapters_items_sss_configuration_tables
Path: idp_adapters_items_sss_configuration_tables_rows
Path: idp_adapters_items_sss_configuration_tables_rows_fields
Path: idp_adapters_items_sss_configuration_tables_rows
Path: idp_adapters_items_sss_configuration_tables_rows_fields
Path: idp_adapters_items_sss_configuration_fields
Path: idp_adapters_items_sss_configuration_fields
Path: idp_adapters_items_sss_configuration_fields
Path: idp_adapters_items_sss_configuration_fields
Path: idp_adapters_items_sss_configuration_fields
Path: idp_adapters_items_sss_configuration_fields
Path: idp_adapters_items_sss_configuration_fields
Path: idp_adapters_items_sss_configuration_fields
Path: idp_adapters_items_sss_configuration_fields
Path: idp_adapters_items_sss_configuration_fields
Path: idp_adapters_items_sss_configuration_fields
Path: idp_adapters_items_sss_configuration_fields
Path: idp_adapters_items_sss_configuration_fields
Path: idp_adapters_items_sss_configuration_fields
Path: idp_adapters_items_sss_configuration_fields
Path: idp_adapters_items_sss_configuration_fields
Path: idp_adapters_items_sss_configuration_fields
Path: idp_adapters_items_sss_configuration_fields
Path: idp_adapters_items_sss_configuration_fields
Path: idp_adapters_items_sss_configuration_fields
Path: idp_adapters_items_sss_configuration_fields
Path: idp_adapters_items_sss_configuration_fields
Path: idp_adapters_items_sss_configuration_fields
Path: idp_adapters_items_sss_configuration_fields
Path: idp_adapters_items_sss_configuration_fields
Path: idp_adapters_items_sss_configuration_fields
Path: idp_adapters_items_sss_configuration_fields
Path: idp_adapters_items_sss_configuration_fields
Path: idp_adapters_items_sss_configuration_fields
Path: idp_adapters_items_sss_configuration_fields
Path: idp_adapters_items_sss_configuration_fields
Path: idp_adapters_items_sss_configuration_fields
Path: idp_adapters_items_sss_configuration_fields
Path: idp_adapters_items_sss_configuration_fields
Path: idp_adapters_items_sss_configuration_fields
Path: idp_adapters_items_sss_configuration_fields
Path: idp_adapters_items_sss_configuration_fields
Path: idp_adapters_items_sss_configuration_fields
Path: idp_adapters_items_sss_configuration_fields
Path: idp_adapters_items_sss_configuration_fields
Path: idp_adapters_items_sss_configuration_fields
Path: idp_adapters_items_sss_configuration_fields
Looking for config aliase: idp_adapters_items_sss_configuration_fields_PingID_Properties_value, administrativeAccounts_items_Administrator_password
Path: idp_adapters_items_sss_configuration_fields
Path: idp_adapters_items_sss_configuration_fields
Path: idp_adapters_items_sss_configuration_fields
Path: idp_adapters_items_sss_configuration_fields
Path: idp_adapters_items_sss_configuration_fields
Path: idp_adapters_items_sss_configuration_fields
Path: idp_adapters_items_sss_configuration_fields
Path: idp_adapters_items_sss_configuration_fields
Path: idp_adapters_items_sss_pluginDescriptorRef_com.pingidentity.adapters.htmlform.idp.HtmlFormIdpAuthnAdapter
Path: idp_adapters_items_sss_attributeContract
Path: idp_adapters_items_sss_attributeContract_coreAttributes
Path: idp_adapters_items_sss_attributeContract_coreAttributes
Path: idp_adapters_items_sss_parentRef_HTMLFormSimplePCV
Path: idp_tokenProcessors
Path: idp_tokenProcessors_items_UsernameTokenProcessor
Path: idp_tokenProcessors_items_UsernameTokenProcessor_configuration
Path: idp_tokenProcessors_items_UsernameTokenProcessor_configuration_tables
Path: idp_tokenProcessors_items_UsernameTokenProcessor_configuration_tables_rows
Path: idp_tokenProcessors_items_UsernameTokenProcessor_configuration_tables_rows_fields
Path: idp_tokenProcessors_items_UsernameTokenProcessor_pluginDescriptorRef_com.pingidentity.pf.tokenprocessors.username.UsernameTokenProcessor
Path: idp_tokenProcessors_items_UsernameTokenProcessor_attributeContract
Path: idp_tokenProcessors_items_UsernameTokenProcessor_attributeContract_coreAttributes
Path: idp_defaultUrls
Path: idp_defaultUrls_items
Path: extendedProperties
Path: extendedProperties_items
Path: idp_spConnections
Path: idp_spConnections_items_MHpPk2mBiamc.k6qGmKoYzqzFZ_
Path: idp_spConnections_items_MHpPk2mBiamc.k6qGmKoYzqzFZ__contactInfo
Path: idp_spConnections_items_MHpPk2mBiamc.k6qGmKoYzqzFZ__credentials
Path: idp_spConnections_items_MHpPk2mBiamc.k6qGmKoYzqzFZ__outboundProvision
Path: idp_spConnections_items_MHpPk2mBiamc.k6qGmKoYzqzFZ__outboundProvision_channels
Path: idp_spConnections_items_MHpPk2mBiamc.k6qGmKoYzqzFZ__outboundProvision_channels_attributeMapping
Path: idp_spConnections_items_MHpPk2mBiamc.k6qGmKoYzqzFZ__outboundProvision_channels_attributeMapping_saasFieldInfo
Path: idp_spConnections_items_MHpPk2mBiamc.k6qGmKoYzqzFZ__outboundProvision_channels_attributeMapping
Path: idp_spConnections_items_MHpPk2mBiamc.k6qGmKoYzqzFZ__outboundProvision_channels_attributeMapping_saasFieldInfo
Path: idp_spConnections_items_MHpPk2mBiamc.k6qGmKoYzqzFZ__outboundProvision_channels_attributeMapping
Path: idp_spConnections_items_MHpPk2mBiamc.k6qGmKoYzqzFZ__outboundProvision_channels_attributeMapping_saasFieldInfo
Path: idp_spConnections_items_MHpPk2mBiamc.k6qGmKoYzqzFZ__outboundProvision_channels_attributeMapping
Path: idp_spConnections_items_MHpPk2mBiamc.k6qGmKoYzqzFZ__outboundProvision_channels_attributeMapping_saasFieldInfo
Path: idp_spConnections_items_MHpPk2mBiamc.k6qGmKoYzqzFZ__outboundProvision_channels_attributeMapping
Path: idp_spConnections_items_MHpPk2mBiamc.k6qGmKoYzqzFZ__outboundProvision_channels_attributeMapping_saasFieldInfo
Path: idp_spConnections_items_MHpPk2mBiamc.k6qGmKoYzqzFZ__outboundProvision_channels_attributeMapping
Path: idp_spConnections_items_MHpPk2mBiamc.k6qGmKoYzqzFZ__outboundProvision_channels_attributeMapping_saasFieldInfo
Path: idp_spConnections_items_MHpPk2mBiamc.k6qGmKoYzqzFZ__outboundProvision_channels_attributeMapping
Path: idp_spConnections_items_MHpPk2mBiamc.k6qGmKoYzqzFZ__outboundProvision_channels_attributeMapping_saasFieldInfo
Path: idp_spConnections_items_MHpPk2mBiamc.k6qGmKoYzqzFZ__outboundProvision_channels_attributeMapping
Path: idp_spConnections_items_MHpPk2mBiamc.k6qGmKoYzqzFZ__outboundProvision_channels_attributeMapping_saasFieldInfo
Path: idp_spConnections_items_MHpPk2mBiamc.k6qGmKoYzqzFZ__outboundProvision_channels_attributeMapping
Path: idp_spConnections_items_MHpPk2mBiamc.k6qGmKoYzqzFZ__outboundProvision_channels_attributeMapping_saasFieldInfo
Path: idp_spConnections_items_MHpPk2mBiamc.k6qGmKoYzqzFZ__outboundProvision_channels_attributeMapping
Path: idp_spConnections_items_MHpPk2mBiamc.k6qGmKoYzqzFZ__outboundProvision_channels_attributeMapping_saasFieldInfo
Path: idp_spConnections_items_MHpPk2mBiamc.k6qGmKoYzqzFZ__outboundProvision_channels_attributeMapping
Path: idp_spConnections_items_MHpPk2mBiamc.k6qGmKoYzqzFZ__outboundProvision_channels_attributeMapping_saasFieldInfo
Path: idp_spConnections_items_MHpPk2mBiamc.k6qGmKoYzqzFZ__outboundProvision_channels_attributeMapping
Path: idp_spConnections_items_MHpPk2mBiamc.k6qGmKoYzqzFZ__outboundProvision_channels_attributeMapping_saasFieldInfo
Path: idp_spConnections_items_MHpPk2mBiamc.k6qGmKoYzqzFZ__outboundProvision_channels_attributeMapping
Path: idp_spConnections_items_MHpPk2mBiamc.k6qGmKoYzqzFZ__outboundProvision_channels_attributeMapping_saasFieldInfo
Path: idp_spConnections_items_MHpPk2mBiamc.k6qGmKoYzqzFZ__outboundProvision_channels_attributeMapping
Path: idp_spConnections_items_MHpPk2mBiamc.k6qGmKoYzqzFZ__outboundProvision_channels_attributeMapping_saasFieldInfo
Path: idp_spConnections_items_MHpPk2mBiamc.k6qGmKoYzqzFZ__outboundProvision_channels_attributeMapping
Path: idp_spConnections_items_MHpPk2mBiamc.k6qGmKoYzqzFZ__outboundProvision_channels_attributeMapping_saasFieldInfo
Path: idp_spConnections_items_MHpPk2mBiamc.k6qGmKoYzqzFZ__outboundProvision_channels_attributeMapping
Path: idp_spConnections_items_MHpPk2mBiamc.k6qGmKoYzqzFZ__outboundProvision_channels_attributeMapping_saasFieldInfo
Path: idp_spConnections_items_MHpPk2mBiamc.k6qGmKoYzqzFZ__outboundProvision_channels_attributeMapping
Path: idp_spConnections_items_MHpPk2mBiamc.k6qGmKoYzqzFZ__outboundProvision_channels_attributeMapping_saasFieldInfo
Path: idp_spConnections_items_MHpPk2mBiamc.k6qGmKoYzqzFZ__outboundProvision_channels_attributeMapping
Path: idp_spConnections_items_MHpPk2mBiamc.k6qGmKoYzqzFZ__outboundProvision_channels_attributeMapping_saasFieldInfo
Path: idp_spConnections_items_MHpPk2mBiamc.k6qGmKoYzqzFZ__outboundProvision_channels_attributeMapping
Path: idp_spConnections_items_MHpPk2mBiamc.k6qGmKoYzqzFZ__outboundProvision_channels_attributeMapping_saasFieldInfo
Path: idp_spConnections_items_MHpPk2mBiamc.k6qGmKoYzqzFZ__outboundProvision_channels_attributeMapping
Path: idp_spConnections_items_MHpPk2mBiamc.k6qGmKoYzqzFZ__outboundProvision_channels_attributeMapping_saasFieldInfo
Path: idp_spConnections_items_MHpPk2mBiamc.k6qGmKoYzqzFZ__outboundProvision_channels_attributeMapping
Path: idp_spConnections_items_MHpPk2mBiamc.k6qGmKoYzqzFZ__outboundProvision_channels_attributeMapping_saasFieldInfo
Path: idp_spConnections_items_MHpPk2mBiamc.k6qGmKoYzqzFZ__outboundProvision_channels_attributeMapping
Path: idp_spConnections_items_MHpPk2mBiamc.k6qGmKoYzqzFZ__outboundProvision_channels_attributeMapping_saasFieldInfo
Path: idp_spConnections_items_MHpPk2mBiamc.k6qGmKoYzqzFZ__outboundProvision_channels_attributeMapping
Path: idp_spConnections_items_MHpPk2mBiamc.k6qGmKoYzqzFZ__outboundProvision_channels_attributeMapping_saasFieldInfo
Path: idp_spConnections_items_MHpPk2mBiamc.k6qGmKoYzqzFZ__outboundProvision_channels_attributeMapping
Path: idp_spConnections_items_MHpPk2mBiamc.k6qGmKoYzqzFZ__outboundProvision_channels_attributeMapping_saasFieldInfo
Path: idp_spConnections_items_MHpPk2mBiamc.k6qGmKoYzqzFZ__outboundProvision_channels_attributeMapping
Path: idp_spConnections_items_MHpPk2mBiamc.k6qGmKoYzqzFZ__outboundProvision_channels_attributeMapping_saasFieldInfo
Path: idp_spConnections_items_MHpPk2mBiamc.k6qGmKoYzqzFZ__outboundProvision_channels_attributeMapping
Path: idp_spConnections_items_MHpPk2mBiamc.k6qGmKoYzqzFZ__outboundProvision_channels_attributeMapping_saasFieldInfo
Path: idp_spConnections_items_MHpPk2mBiamc.k6qGmKoYzqzFZ__outboundProvision_channels_attributeMapping
Path: idp_spConnections_items_MHpPk2mBiamc.k6qGmKoYzqzFZ__outboundProvision_channels_attributeMapping_saasFieldInfo
Path: idp_spConnections_items_MHpPk2mBiamc.k6qGmKoYzqzFZ__outboundProvision_channels_attributeMapping
Path: idp_spConnections_items_MHpPk2mBiamc.k6qGmKoYzqzFZ__outboundProvision_channels_attributeMapping_saasFieldInfo
Path: idp_spConnections_items_MHpPk2mBiamc.k6qGmKoYzqzFZ__outboundProvision_channels_attributeMapping
Path: idp_spConnections_items_MHpPk2mBiamc.k6qGmKoYzqzFZ__outboundProvision_channels_attributeMapping_saasFieldInfo
Path: idp_spConnections_items_MHpPk2mBiamc.k6qGmKoYzqzFZ__outboundProvision_channels_attributeMapping
Path: idp_spConnections_items_MHpPk2mBiamc.k6qGmKoYzqzFZ__outboundProvision_channels_attributeMapping_saasFieldInfo
Path: idp_spConnections_items_MHpPk2mBiamc.k6qGmKoYzqzFZ__outboundProvision_channels_attributeMapping
Path: idp_spConnections_items_MHpPk2mBiamc.k6qGmKoYzqzFZ__outboundProvision_channels_attributeMapping_saasFieldInfo
Path: idp_spConnections_items_MHpPk2mBiamc.k6qGmKoYzqzFZ__outboundProvision_channels_attributeMapping
Path: idp_spConnections_items_MHpPk2mBiamc.k6qGmKoYzqzFZ__outboundProvision_channels_attributeMapping_saasFieldInfo
Path: idp_spConnections_items_MHpPk2mBiamc.k6qGmKoYzqzFZ__outboundProvision_channels_attributeMapping
Path: idp_spConnections_items_MHpPk2mBiamc.k6qGmKoYzqzFZ__outboundProvision_channels_attributeMapping_saasFieldInfo
Path: idp_spConnections_items_MHpPk2mBiamc.k6qGmKoYzqzFZ__outboundProvision_channels_attributeMapping
Path: idp_spConnections_items_MHpPk2mBiamc.k6qGmKoYzqzFZ__outboundProvision_channels_attributeMapping_saasFieldInfo
Path: idp_spConnections_items_MHpPk2mBiamc.k6qGmKoYzqzFZ__outboundProvision_channels_attributeMapping
Path: idp_spConnections_items_MHpPk2mBiamc.k6qGmKoYzqzFZ__outboundProvision_channels_attributeMapping_saasFieldInfo
Path: idp_spConnections_items_MHpPk2mBiamc.k6qGmKoYzqzFZ__outboundProvision_channels_attributeMapping
Path: idp_spConnections_items_MHpPk2mBiamc.k6qGmKoYzqzFZ__outboundProvision_channels_attributeMapping_saasFieldInfo
Path: idp_spConnections_items_MHpPk2mBiamc.k6qGmKoYzqzFZ__outboundProvision_channels_attributeMapping
Path: idp_spConnections_items_MHpPk2mBiamc.k6qGmKoYzqzFZ__outboundProvision_channels_attributeMapping_saasFieldInfo
Path: idp_spConnections_items_MHpPk2mBiamc.k6qGmKoYzqzFZ__outboundProvision_channels_attributeMapping
Path: idp_spConnections_items_MHpPk2mBiamc.k6qGmKoYzqzFZ__outboundProvision_channels_attributeMapping_saasFieldInfo
Path: idp_spConnections_items_MHpPk2mBiamc.k6qGmKoYzqzFZ__outboundProvision_channels_attributeMapping
Path: idp_spConnections_items_MHpPk2mBiamc.k6qGmKoYzqzFZ__outboundProvision_channels_attributeMapping_saasFieldInfo
Path: idp_spConnections_items_MHpPk2mBiamc.k6qGmKoYzqzFZ__outboundProvision_channels_attributeMapping
Path: idp_spConnections_items_MHpPk2mBiamc.k6qGmKoYzqzFZ__outboundProvision_channels_attributeMapping_saasFieldInfo
Path: idp_spConnections_items_MHpPk2mBiamc.k6qGmKoYzqzFZ__outboundProvision_channels_attributeMapping
Path: idp_spConnections_items_MHpPk2mBiamc.k6qGmKoYzqzFZ__outboundProvision_channels_attributeMapping_saasFieldInfo
Path: idp_spConnections_items_MHpPk2mBiamc.k6qGmKoYzqzFZ__outboundProvision_channels_attributeMapping
Path: idp_spConnections_items_MHpPk2mBiamc.k6qGmKoYzqzFZ__outboundProvision_channels_attributeMapping_saasFieldInfo
Path: idp_spConnections_items_MHpPk2mBiamc.k6qGmKoYzqzFZ__outboundProvision_channels_attributeMapping
Path: idp_spConnections_items_MHpPk2mBiamc.k6qGmKoYzqzFZ__outboundProvision_channels_attributeMapping_saasFieldInfo
Path: idp_spConnections_items_MHpPk2mBiamc.k6qGmKoYzqzFZ__outboundProvision_channels_attributeMapping
Path: idp_spConnections_items_MHpPk2mBiamc.k6qGmKoYzqzFZ__outboundProvision_channels_attributeMapping_saasFieldInfo
Path: idp_spConnections_items_MHpPk2mBiamc.k6qGmKoYzqzFZ__outboundProvision_channels_attributeMapping
Path: idp_spConnections_items_MHpPk2mBiamc.k6qGmKoYzqzFZ__outboundProvision_channels_attributeMapping_saasFieldInfo
Path: idp_spConnections_items_MHpPk2mBiamc.k6qGmKoYzqzFZ__outboundProvision_channels_attributeMapping
Path: idp_spConnections_items_MHpPk2mBiamc.k6qGmKoYzqzFZ__outboundProvision_channels_attributeMapping_saasFieldInfo
Path: idp_spConnections_items_MHpPk2mBiamc.k6qGmKoYzqzFZ__outboundProvision_channels_attributeMapping
Path: idp_spConnections_items_MHpPk2mBiamc.k6qGmKoYzqzFZ__outboundProvision_channels_attributeMapping_saasFieldInfo
Path: idp_spConnections_items_MHpPk2mBiamc.k6qGmKoYzqzFZ__outboundProvision_channels_attributeMapping
Path: idp_spConnections_items_MHpPk2mBiamc.k6qGmKoYzqzFZ__outboundProvision_channels_attributeMapping_saasFieldInfo
Path: idp_spConnections_items_MHpPk2mBiamc.k6qGmKoYzqzFZ__outboundProvision_channels_attributeMapping
Path: idp_spConnections_items_MHpPk2mBiamc.k6qGmKoYzqzFZ__outboundProvision_channels_attributeMapping_saasFieldInfo
Path: idp_spConnections_items_MHpPk2mBiamc.k6qGmKoYzqzFZ__outboundProvision_channels_attributeMapping
Path: idp_spConnections_items_MHpPk2mBiamc.k6qGmKoYzqzFZ__outboundProvision_channels_attributeMapping_saasFieldInfo
Path: idp_spConnections_items_MHpPk2mBiamc.k6qGmKoYzqzFZ__outboundProvision_channels_attributeMapping
Path: idp_spConnections_items_MHpPk2mBiamc.k6qGmKoYzqzFZ__outboundProvision_channels_attributeMapping_saasFieldInfo
Path: idp_spConnections_items_MHpPk2mBiamc.k6qGmKoYzqzFZ__outboundProvision_channels_attributeMapping
Path: idp_spConnections_items_MHpPk2mBiamc.k6qGmKoYzqzFZ__outboundProvision_channels_attributeMapping_saasFieldInfo
Path: idp_spConnections_items_MHpPk2mBiamc.k6qGmKoYzqzFZ__outboundProvision_channels_attributeMapping
Path: idp_spConnections_items_MHpPk2mBiamc.k6qGmKoYzqzFZ__outboundProvision_channels_attributeMapping_saasFieldInfo
Path: idp_spConnections_items_MHpPk2mBiamc.k6qGmKoYzqzFZ__outboundProvision_channels_attributeMapping
Path: idp_spConnections_items_MHpPk2mBiamc.k6qGmKoYzqzFZ__outboundProvision_channels_attributeMapping_saasFieldInfo
Path: idp_spConnections_items_MHpPk2mBiamc.k6qGmKoYzqzFZ__outboundProvision_channels_attributeMapping
Path: idp_spConnections_items_MHpPk2mBiamc.k6qGmKoYzqzFZ__outboundProvision_channels_attributeMapping_saasFieldInfo
Path: idp_spConnections_items_MHpPk2mBiamc.k6qGmKoYzqzFZ__outboundProvision_channels_attributeMapping
Path: idp_spConnections_items_MHpPk2mBiamc.k6qGmKoYzqzFZ__outboundProvision_channels_attributeMapping_saasFieldInfo
Path: idp_spConnections_items_MHpPk2mBiamc.k6qGmKoYzqzFZ__outboundProvision_channels_attributeMapping
Path: idp_spConnections_items_MHpPk2mBiamc.k6qGmKoYzqzFZ__outboundProvision_channels_attributeMapping_saasFieldInfo
Path: idp_spConnections_items_MHpPk2mBiamc.k6qGmKoYzqzFZ__outboundProvision_channels_attributeMapping
Path: idp_spConnections_items_MHpPk2mBiamc.k6qGmKoYzqzFZ__outboundProvision_channels_attributeMapping_saasFieldInfo
Path: idp_spConnections_items_MHpPk2mBiamc.k6qGmKoYzqzFZ__outboundProvision_channels_attributeMapping
Path: idp_spConnections_items_MHpPk2mBiamc.k6qGmKoYzqzFZ__outboundProvision_channels_attributeMapping_saasFieldInfo
Path: idp_spConnections_items_MHpPk2mBiamc.k6qGmKoYzqzFZ__outboundProvision_channels_attributeMapping
Path: idp_spConnections_items_MHpPk2mBiamc.k6qGmKoYzqzFZ__outboundProvision_channels_attributeMapping_saasFieldInfo
Path: idp_spConnections_items_MHpPk2mBiamc.k6qGmKoYzqzFZ__outboundProvision_channels_attributeMapping
Path: idp_spConnections_items_MHpPk2mBiamc.k6qGmKoYzqzFZ__outboundProvision_channels_attributeMapping_saasFieldInfo
Path: idp_spConnections_items_MHpPk2mBiamc.k6qGmKoYzqzFZ__outboundProvision_channels_channelSource
Path: idp_spConnections_items_MHpPk2mBiamc.k6qGmKoYzqzFZ__outboundProvision_channels_channelSource_changeDetectionSettings
Path: idp_spConnections_items_MHpPk2mBiamc.k6qGmKoYzqzFZ__outboundProvision_channels_channelSource_accountManagementSettings
Path: idp_spConnections_items_MHpPk2mBiamc.k6qGmKoYzqzFZ__outboundProvision_channels_channelSource_groupMembershipDetection
Path: idp_spConnections_items_MHpPk2mBiamc.k6qGmKoYzqzFZ__outboundProvision_channels_channelSource_userSourceLocation
Path: idp_spConnections_items_MHpPk2mBiamc.k6qGmKoYzqzFZ__outboundProvision_channels_channelSource_groupSourceLocation
Path: idp_spConnections_items_MHpPk2mBiamc.k6qGmKoYzqzFZ__outboundProvision_channels_channelSource_dataSource_LDAP_8C05E186F74E29DF98A734F689AA5B6FB14896A1
Path: idp_spConnections_items_MHpPk2mBiamc.k6qGmKoYzqzFZ__outboundProvision_targetSettings
Path: idp_spConnections_items_MHpPk2mBiamc.k6qGmKoYzqzFZ__outboundProvision_targetSettings
Path: idp_spConnections_items_MHpPk2mBiamc.k6qGmKoYzqzFZ__outboundProvision_targetSettings
Path: idp_spConnections_items_MHpPk2mBiamc.k6qGmKoYzqzFZ__outboundProvision_targetSettings
Path: idp_spConnections_items_MHpPk2mBiamc.k6qGmKoYzqzFZ__outboundProvision_targetSettings
Path: idp_spConnections_items_MHpPk2mBiamc.k6qGmKoYzqzFZ__outboundProvision_targetSettings
Looking for config aliase: idp_spConnections_items_MHpPk2mBiamc.k6qGmKoYzqzFZ__outboundProvision_targetSettings_BASIC_AUTH_PASSWORD_value, administrativeAccounts_items_Administrator_password
Path: idp_spConnections_items_MHpPk2mBiamc.k6qGmKoYzqzFZ__outboundProvision_targetSettings
Path: idp_spConnections_items_MHpPk2mBiamc.k6qGmKoYzqzFZ__outboundProvision_targetSettings
Looking for config aliase: idp_spConnections_items_MHpPk2mBiamc.k6qGmKoYzqzFZ__outboundProvision_targetSettings_OAUTH_ACCESS_TOKEN_value, administrativeAccounts_items_Administrator_password
Path: idp_spConnections_items_MHpPk2mBiamc.k6qGmKoYzqzFZ__outboundProvision_targetSettings
Path: idp_spConnections_items_MHpPk2mBiamc.k6qGmKoYzqzFZ__outboundProvision_targetSettings
Path: idp_spConnections_items_MHpPk2mBiamc.k6qGmKoYzqzFZ__outboundProvision_targetSettings
Path: idp_spConnections_items_MHpPk2mBiamc.k6qGmKoYzqzFZ__outboundProvision_targetSettings
Path: idp_spConnections_items_MHpPk2mBiamc.k6qGmKoYzqzFZ__outboundProvision_targetSettings
Path: idp_spConnections_items_MHpPk2mBiamc.k6qGmKoYzqzFZ__outboundProvision_targetSettings
Path: idp_spConnections_items_MHpPk2mBiamc.k6qGmKoYzqzFZ__outboundProvision_targetSettings
Path: idp_spConnections_items_MHpPk2mBiamc.k6qGmKoYzqzFZ__outboundProvision_targetSettings
Path: idp_spConnections_items_MHpPk2mBiamc.k6qGmKoYzqzFZ__outboundProvision_targetSettings
Path: idp_spConnections_items_MHpPk2mBiamc.k6qGmKoYzqzFZ__outboundProvision_targetSettings
Path: idp_spConnections_items_MHpPk2mBiamc.k6qGmKoYzqzFZ__outboundProvision_targetSettings
Path: idp_spConnections_items_MHpPk2mBiamc.k6qGmKoYzqzFZ__outboundProvision_targetSettings
Path: idp_spConnections_items_MHpPk2mBiamc.k6qGmKoYzqzFZ__outboundProvision_targetSettings
Path: idp_spConnections_items_MHpPk2mBiamc.k6qGmKoYzqzFZ__outboundProvision_targetSettings
Path: idp_spConnections_items_MHpPk2mBiamc.k6qGmKoYzqzFZ__outboundProvision_targetSettings
Path: idp_spConnections_items_MHpPk2mBiamc.k6qGmKoYzqzFZ__outboundProvision_targetSettings
Path: idp_spConnections_items_MHpPk2mBiamc.k6qGmKoYzqzFZ__outboundProvision_targetSettings
Path: idp_spConnections_items_MHpPk2mBiamc.k6qGmKoYzqzFZ__outboundProvision_targetSettings
Path: idp_spConnections_items_srlYxHNd8bnWNw8yVSsX2mcVjSo
Path: idp_spConnections_items_srlYxHNd8bnWNw8yVSsX2mcVjSo_contactInfo
Path: idp_spConnections_items_srlYxHNd8bnWNw8yVSsX2mcVjSo_credentials
Path: idp_spConnections_items_srlYxHNd8bnWNw8yVSsX2mcVjSo_outboundProvision
Path: idp_spConnections_items_srlYxHNd8bnWNw8yVSsX2mcVjSo_outboundProvision_channels
Path: idp_spConnections_items_srlYxHNd8bnWNw8yVSsX2mcVjSo_outboundProvision_channels_attributeMapping
Path: idp_spConnections_items_srlYxHNd8bnWNw8yVSsX2mcVjSo_outboundProvision_channels_attributeMapping_saasFieldInfo
Path: idp_spConnections_items_srlYxHNd8bnWNw8yVSsX2mcVjSo_outboundProvision_channels_attributeMapping
Path: idp_spConnections_items_srlYxHNd8bnWNw8yVSsX2mcVjSo_outboundProvision_channels_attributeMapping_saasFieldInfo
Path: idp_spConnections_items_srlYxHNd8bnWNw8yVSsX2mcVjSo_outboundProvision_channels_attributeMapping
Path: idp_spConnections_items_srlYxHNd8bnWNw8yVSsX2mcVjSo_outboundProvision_channels_attributeMapping_saasFieldInfo
Path: idp_spConnections_items_srlYxHNd8bnWNw8yVSsX2mcVjSo_outboundProvision_channels_attributeMapping
Path: idp_spConnections_items_srlYxHNd8bnWNw8yVSsX2mcVjSo_outboundProvision_channels_attributeMapping_saasFieldInfo
Path: idp_spConnections_items_srlYxHNd8bnWNw8yVSsX2mcVjSo_outboundProvision_channels_attributeMapping
Path: idp_spConnections_items_srlYxHNd8bnWNw8yVSsX2mcVjSo_outboundProvision_channels_attributeMapping_saasFieldInfo
Path: idp_spConnections_items_srlYxHNd8bnWNw8yVSsX2mcVjSo_outboundProvision_channels_attributeMapping
Path: idp_spConnections_items_srlYxHNd8bnWNw8yVSsX2mcVjSo_outboundProvision_channels_attributeMapping_saasFieldInfo
Path: idp_spConnections_items_srlYxHNd8bnWNw8yVSsX2mcVjSo_outboundProvision_channels_attributeMapping
Path: idp_spConnections_items_srlYxHNd8bnWNw8yVSsX2mcVjSo_outboundProvision_channels_attributeMapping_saasFieldInfo
Path: idp_spConnections_items_srlYxHNd8bnWNw8yVSsX2mcVjSo_outboundProvision_channels_attributeMapping
Path: idp_spConnections_items_srlYxHNd8bnWNw8yVSsX2mcVjSo_outboundProvision_channels_attributeMapping_saasFieldInfo
Path: idp_spConnections_items_srlYxHNd8bnWNw8yVSsX2mcVjSo_outboundProvision_channels_attributeMapping
Path: idp_spConnections_items_srlYxHNd8bnWNw8yVSsX2mcVjSo_outboundProvision_channels_attributeMapping_saasFieldInfo
Path: idp_spConnections_items_srlYxHNd8bnWNw8yVSsX2mcVjSo_outboundProvision_channels_attributeMapping
Path: idp_spConnections_items_srlYxHNd8bnWNw8yVSsX2mcVjSo_outboundProvision_channels_attributeMapping_saasFieldInfo
Path: idp_spConnections_items_srlYxHNd8bnWNw8yVSsX2mcVjSo_outboundProvision_channels_attributeMapping
Path: idp_spConnections_items_srlYxHNd8bnWNw8yVSsX2mcVjSo_outboundProvision_channels_attributeMapping_saasFieldInfo
Path: idp_spConnections_items_srlYxHNd8bnWNw8yVSsX2mcVjSo_outboundProvision_channels_attributeMapping
Path: idp_spConnections_items_srlYxHNd8bnWNw8yVSsX2mcVjSo_outboundProvision_channels_attributeMapping_saasFieldInfo
Path: idp_spConnections_items_srlYxHNd8bnWNw8yVSsX2mcVjSo_outboundProvision_channels_attributeMapping
Path: idp_spConnections_items_srlYxHNd8bnWNw8yVSsX2mcVjSo_outboundProvision_channels_attributeMapping_saasFieldInfo
Path: idp_spConnections_items_srlYxHNd8bnWNw8yVSsX2mcVjSo_outboundProvision_channels_attributeMapping
Path: idp_spConnections_items_srlYxHNd8bnWNw8yVSsX2mcVjSo_outboundProvision_channels_attributeMapping_saasFieldInfo
Path: idp_spConnections_items_srlYxHNd8bnWNw8yVSsX2mcVjSo_outboundProvision_channels_attributeMapping
Path: idp_spConnections_items_srlYxHNd8bnWNw8yVSsX2mcVjSo_outboundProvision_channels_attributeMapping_saasFieldInfo
Path: idp_spConnections_items_srlYxHNd8bnWNw8yVSsX2mcVjSo_outboundProvision_channels_attributeMapping
Path: idp_spConnections_items_srlYxHNd8bnWNw8yVSsX2mcVjSo_outboundProvision_channels_attributeMapping_saasFieldInfo
Path: idp_spConnections_items_srlYxHNd8bnWNw8yVSsX2mcVjSo_outboundProvision_channels_attributeMapping
Path: idp_spConnections_items_srlYxHNd8bnWNw8yVSsX2mcVjSo_outboundProvision_channels_attributeMapping_saasFieldInfo
Path: idp_spConnections_items_srlYxHNd8bnWNw8yVSsX2mcVjSo_outboundProvision_channels_attributeMapping
Path: idp_spConnections_items_srlYxHNd8bnWNw8yVSsX2mcVjSo_outboundProvision_channels_attributeMapping_saasFieldInfo
Path: idp_spConnections_items_srlYxHNd8bnWNw8yVSsX2mcVjSo_outboundProvision_channels_attributeMapping
Path: idp_spConnections_items_srlYxHNd8bnWNw8yVSsX2mcVjSo_outboundProvision_channels_attributeMapping_saasFieldInfo
Path: idp_spConnections_items_srlYxHNd8bnWNw8yVSsX2mcVjSo_outboundProvision_channels_attributeMapping
Path: idp_spConnections_items_srlYxHNd8bnWNw8yVSsX2mcVjSo_outboundProvision_channels_attributeMapping_saasFieldInfo
Path: idp_spConnections_items_srlYxHNd8bnWNw8yVSsX2mcVjSo_outboundProvision_channels_attributeMapping
Path: idp_spConnections_items_srlYxHNd8bnWNw8yVSsX2mcVjSo_outboundProvision_channels_attributeMapping_saasFieldInfo
Path: idp_spConnections_items_srlYxHNd8bnWNw8yVSsX2mcVjSo_outboundProvision_channels_attributeMapping
Path: idp_spConnections_items_srlYxHNd8bnWNw8yVSsX2mcVjSo_outboundProvision_channels_attributeMapping_saasFieldInfo
Path: idp_spConnections_items_srlYxHNd8bnWNw8yVSsX2mcVjSo_outboundProvision_channels_attributeMapping
Path: idp_spConnections_items_srlYxHNd8bnWNw8yVSsX2mcVjSo_outboundProvision_channels_attributeMapping_saasFieldInfo
Path: idp_spConnections_items_srlYxHNd8bnWNw8yVSsX2mcVjSo_outboundProvision_channels_attributeMapping
Path: idp_spConnections_items_srlYxHNd8bnWNw8yVSsX2mcVjSo_outboundProvision_channels_attributeMapping_saasFieldInfo
Path: idp_spConnections_items_srlYxHNd8bnWNw8yVSsX2mcVjSo_outboundProvision_channels_attributeMapping
Path: idp_spConnections_items_srlYxHNd8bnWNw8yVSsX2mcVjSo_outboundProvision_channels_attributeMapping_saasFieldInfo
Path: idp_spConnections_items_srlYxHNd8bnWNw8yVSsX2mcVjSo_outboundProvision_channels_attributeMapping
Path: idp_spConnections_items_srlYxHNd8bnWNw8yVSsX2mcVjSo_outboundProvision_channels_attributeMapping_saasFieldInfo
Path: idp_spConnections_items_srlYxHNd8bnWNw8yVSsX2mcVjSo_outboundProvision_channels_attributeMapping
Path: idp_spConnections_items_srlYxHNd8bnWNw8yVSsX2mcVjSo_outboundProvision_channels_attributeMapping_saasFieldInfo
Path: idp_spConnections_items_srlYxHNd8bnWNw8yVSsX2mcVjSo_outboundProvision_channels_attributeMapping
Path: idp_spConnections_items_srlYxHNd8bnWNw8yVSsX2mcVjSo_outboundProvision_channels_attributeMapping_saasFieldInfo
Path: idp_spConnections_items_srlYxHNd8bnWNw8yVSsX2mcVjSo_outboundProvision_channels_attributeMapping
Path: idp_spConnections_items_srlYxHNd8bnWNw8yVSsX2mcVjSo_outboundProvision_channels_attributeMapping_saasFieldInfo
Path: idp_spConnections_items_srlYxHNd8bnWNw8yVSsX2mcVjSo_outboundProvision_channels_attributeMapping
Path: idp_spConnections_items_srlYxHNd8bnWNw8yVSsX2mcVjSo_outboundProvision_channels_attributeMapping_saasFieldInfo
Path: idp_spConnections_items_srlYxHNd8bnWNw8yVSsX2mcVjSo_outboundProvision_channels_attributeMapping
Path: idp_spConnections_items_srlYxHNd8bnWNw8yVSsX2mcVjSo_outboundProvision_channels_attributeMapping_saasFieldInfo
Path: idp_spConnections_items_srlYxHNd8bnWNw8yVSsX2mcVjSo_outboundProvision_channels_attributeMapping
Path: idp_spConnections_items_srlYxHNd8bnWNw8yVSsX2mcVjSo_outboundProvision_channels_attributeMapping_saasFieldInfo
Path: idp_spConnections_items_srlYxHNd8bnWNw8yVSsX2mcVjSo_outboundProvision_channels_attributeMapping
Path: idp_spConnections_items_srlYxHNd8bnWNw8yVSsX2mcVjSo_outboundProvision_channels_attributeMapping_saasFieldInfo
Path: idp_spConnections_items_srlYxHNd8bnWNw8yVSsX2mcVjSo_outboundProvision_channels_attributeMapping
Path: idp_spConnections_items_srlYxHNd8bnWNw8yVSsX2mcVjSo_outboundProvision_channels_attributeMapping_saasFieldInfo
Path: idp_spConnections_items_srlYxHNd8bnWNw8yVSsX2mcVjSo_outboundProvision_channels_attributeMapping
Path: idp_spConnections_items_srlYxHNd8bnWNw8yVSsX2mcVjSo_outboundProvision_channels_attributeMapping_saasFieldInfo
Path: idp_spConnections_items_srlYxHNd8bnWNw8yVSsX2mcVjSo_outboundProvision_channels_channelSource
Path: idp_spConnections_items_srlYxHNd8bnWNw8yVSsX2mcVjSo_outboundProvision_channels_channelSource_changeDetectionSettings
Path: idp_spConnections_items_srlYxHNd8bnWNw8yVSsX2mcVjSo_outboundProvision_channels_channelSource_accountManagementSettings
Path: idp_spConnections_items_srlYxHNd8bnWNw8yVSsX2mcVjSo_outboundProvision_channels_channelSource_groupMembershipDetection
Path: idp_spConnections_items_srlYxHNd8bnWNw8yVSsX2mcVjSo_outboundProvision_channels_channelSource_userSourceLocation
Path: idp_spConnections_items_srlYxHNd8bnWNw8yVSsX2mcVjSo_outboundProvision_channels_channelSource_groupSourceLocation
Path: idp_spConnections_items_srlYxHNd8bnWNw8yVSsX2mcVjSo_outboundProvision_channels_channelSource_dataSource_LDAP_8C05E186F74E29DF98A734F689AA5B6FB14896A1
Path: idp_spConnections_items_srlYxHNd8bnWNw8yVSsX2mcVjSo_outboundProvision_channels
Path: idp_spConnections_items_srlYxHNd8bnWNw8yVSsX2mcVjSo_outboundProvision_channels_attributeMapping
Path: idp_spConnections_items_srlYxHNd8bnWNw8yVSsX2mcVjSo_outboundProvision_channels_attributeMapping_saasFieldInfo
Path: idp_spConnections_items_srlYxHNd8bnWNw8yVSsX2mcVjSo_outboundProvision_channels_attributeMapping
Path: idp_spConnections_items_srlYxHNd8bnWNw8yVSsX2mcVjSo_outboundProvision_channels_attributeMapping_saasFieldInfo
Path: idp_spConnections_items_srlYxHNd8bnWNw8yVSsX2mcVjSo_outboundProvision_channels_attributeMapping
Path: idp_spConnections_items_srlYxHNd8bnWNw8yVSsX2mcVjSo_outboundProvision_channels_attributeMapping_saasFieldInfo
Path: idp_spConnections_items_srlYxHNd8bnWNw8yVSsX2mcVjSo_outboundProvision_channels_attributeMapping
Path: idp_spConnections_items_srlYxHNd8bnWNw8yVSsX2mcVjSo_outboundProvision_channels_attributeMapping_saasFieldInfo
Path: idp_spConnections_items_srlYxHNd8bnWNw8yVSsX2mcVjSo_outboundProvision_channels_attributeMapping
Path: idp_spConnections_items_srlYxHNd8bnWNw8yVSsX2mcVjSo_outboundProvision_channels_attributeMapping_saasFieldInfo
Path: idp_spConnections_items_srlYxHNd8bnWNw8yVSsX2mcVjSo_outboundProvision_channels_attributeMapping
Path: idp_spConnections_items_srlYxHNd8bnWNw8yVSsX2mcVjSo_outboundProvision_channels_attributeMapping_saasFieldInfo
Path: idp_spConnections_items_srlYxHNd8bnWNw8yVSsX2mcVjSo_outboundProvision_channels_attributeMapping
Path: idp_spConnections_items_srlYxHNd8bnWNw8yVSsX2mcVjSo_outboundProvision_channels_attributeMapping_saasFieldInfo
Path: idp_spConnections_items_srlYxHNd8bnWNw8yVSsX2mcVjSo_outboundProvision_channels_attributeMapping
Path: idp_spConnections_items_srlYxHNd8bnWNw8yVSsX2mcVjSo_outboundProvision_channels_attributeMapping_saasFieldInfo
Path: idp_spConnections_items_srlYxHNd8bnWNw8yVSsX2mcVjSo_outboundProvision_channels_attributeMapping
Path: idp_spConnections_items_srlYxHNd8bnWNw8yVSsX2mcVjSo_outboundProvision_channels_attributeMapping_saasFieldInfo
Path: idp_spConnections_items_srlYxHNd8bnWNw8yVSsX2mcVjSo_outboundProvision_channels_attributeMapping
Path: idp_spConnections_items_srlYxHNd8bnWNw8yVSsX2mcVjSo_outboundProvision_channels_attributeMapping_saasFieldInfo
Path: idp_spConnections_items_srlYxHNd8bnWNw8yVSsX2mcVjSo_outboundProvision_channels_attributeMapping
Path: idp_spConnections_items_srlYxHNd8bnWNw8yVSsX2mcVjSo_outboundProvision_channels_attributeMapping_saasFieldInfo
Path: idp_spConnections_items_srlYxHNd8bnWNw8yVSsX2mcVjSo_outboundProvision_channels_attributeMapping
Path: idp_spConnections_items_srlYxHNd8bnWNw8yVSsX2mcVjSo_outboundProvision_channels_attributeMapping_saasFieldInfo
Path: idp_spConnections_items_srlYxHNd8bnWNw8yVSsX2mcVjSo_outboundProvision_channels_attributeMapping
Path: idp_spConnections_items_srlYxHNd8bnWNw8yVSsX2mcVjSo_outboundProvision_channels_attributeMapping_saasFieldInfo
Path: idp_spConnections_items_srlYxHNd8bnWNw8yVSsX2mcVjSo_outboundProvision_channels_attributeMapping
Path: idp_spConnections_items_srlYxHNd8bnWNw8yVSsX2mcVjSo_outboundProvision_channels_attributeMapping_saasFieldInfo
Path: idp_spConnections_items_srlYxHNd8bnWNw8yVSsX2mcVjSo_outboundProvision_channels_attributeMapping
Path: idp_spConnections_items_srlYxHNd8bnWNw8yVSsX2mcVjSo_outboundProvision_channels_attributeMapping_saasFieldInfo
Path: idp_spConnections_items_srlYxHNd8bnWNw8yVSsX2mcVjSo_outboundProvision_channels_attributeMapping
Path: idp_spConnections_items_srlYxHNd8bnWNw8yVSsX2mcVjSo_outboundProvision_channels_attributeMapping_saasFieldInfo
Path: idp_spConnections_items_srlYxHNd8bnWNw8yVSsX2mcVjSo_outboundProvision_channels_attributeMapping
Path: idp_spConnections_items_srlYxHNd8bnWNw8yVSsX2mcVjSo_outboundProvision_channels_attributeMapping_saasFieldInfo
Path: idp_spConnections_items_srlYxHNd8bnWNw8yVSsX2mcVjSo_outboundProvision_channels_attributeMapping
Path: idp_spConnections_items_srlYxHNd8bnWNw8yVSsX2mcVjSo_outboundProvision_channels_attributeMapping_saasFieldInfo
Path: idp_spConnections_items_srlYxHNd8bnWNw8yVSsX2mcVjSo_outboundProvision_channels_attributeMapping
Path: idp_spConnections_items_srlYxHNd8bnWNw8yVSsX2mcVjSo_outboundProvision_channels_attributeMapping_saasFieldInfo
Path: idp_spConnections_items_srlYxHNd8bnWNw8yVSsX2mcVjSo_outboundProvision_channels_attributeMapping
Path: idp_spConnections_items_srlYxHNd8bnWNw8yVSsX2mcVjSo_outboundProvision_channels_attributeMapping_saasFieldInfo
Path: idp_spConnections_items_srlYxHNd8bnWNw8yVSsX2mcVjSo_outboundProvision_channels_attributeMapping
Path: idp_spConnections_items_srlYxHNd8bnWNw8yVSsX2mcVjSo_outboundProvision_channels_attributeMapping_saasFieldInfo
Path: idp_spConnections_items_srlYxHNd8bnWNw8yVSsX2mcVjSo_outboundProvision_channels_attributeMapping
Path: idp_spConnections_items_srlYxHNd8bnWNw8yVSsX2mcVjSo_outboundProvision_channels_attributeMapping_saasFieldInfo
Path: idp_spConnections_items_srlYxHNd8bnWNw8yVSsX2mcVjSo_outboundProvision_channels_attributeMapping
Path: idp_spConnections_items_srlYxHNd8bnWNw8yVSsX2mcVjSo_outboundProvision_channels_attributeMapping_saasFieldInfo
Path: idp_spConnections_items_srlYxHNd8bnWNw8yVSsX2mcVjSo_outboundProvision_channels_attributeMapping
Path: idp_spConnections_items_srlYxHNd8bnWNw8yVSsX2mcVjSo_outboundProvision_channels_attributeMapping_saasFieldInfo
Path: idp_spConnections_items_srlYxHNd8bnWNw8yVSsX2mcVjSo_outboundProvision_channels_attributeMapping
Path: idp_spConnections_items_srlYxHNd8bnWNw8yVSsX2mcVjSo_outboundProvision_channels_attributeMapping_saasFieldInfo
Path: idp_spConnections_items_srlYxHNd8bnWNw8yVSsX2mcVjSo_outboundProvision_channels_attributeMapping
Path: idp_spConnections_items_srlYxHNd8bnWNw8yVSsX2mcVjSo_outboundProvision_channels_attributeMapping_saasFieldInfo
Path: idp_spConnections_items_srlYxHNd8bnWNw8yVSsX2mcVjSo_outboundProvision_channels_attributeMapping
Path: idp_spConnections_items_srlYxHNd8bnWNw8yVSsX2mcVjSo_outboundProvision_channels_attributeMapping_saasFieldInfo
Path: idp_spConnections_items_srlYxHNd8bnWNw8yVSsX2mcVjSo_outboundProvision_channels_attributeMapping
Path: idp_spConnections_items_srlYxHNd8bnWNw8yVSsX2mcVjSo_outboundProvision_channels_attributeMapping_saasFieldInfo
Path: idp_spConnections_items_srlYxHNd8bnWNw8yVSsX2mcVjSo_outboundProvision_channels_attributeMapping
Path: idp_spConnections_items_srlYxHNd8bnWNw8yVSsX2mcVjSo_outboundProvision_channels_attributeMapping_saasFieldInfo
Path: idp_spConnections_items_srlYxHNd8bnWNw8yVSsX2mcVjSo_outboundProvision_channels_attributeMapping
Path: idp_spConnections_items_srlYxHNd8bnWNw8yVSsX2mcVjSo_outboundProvision_channels_attributeMapping_saasFieldInfo
Path: idp_spConnections_items_srlYxHNd8bnWNw8yVSsX2mcVjSo_outboundProvision_channels_attributeMapping
Path: idp_spConnections_items_srlYxHNd8bnWNw8yVSsX2mcVjSo_outboundProvision_channels_attributeMapping_saasFieldInfo
Path: idp_spConnections_items_srlYxHNd8bnWNw8yVSsX2mcVjSo_outboundProvision_channels_attributeMapping
Path: idp_spConnections_items_srlYxHNd8bnWNw8yVSsX2mcVjSo_outboundProvision_channels_attributeMapping_saasFieldInfo
Path: idp_spConnections_items_srlYxHNd8bnWNw8yVSsX2mcVjSo_outboundProvision_channels_attributeMapping
Path: idp_spConnections_items_srlYxHNd8bnWNw8yVSsX2mcVjSo_outboundProvision_channels_attributeMapping_saasFieldInfo
Path: idp_spConnections_items_srlYxHNd8bnWNw8yVSsX2mcVjSo_outboundProvision_channels_attributeMapping
Path: idp_spConnections_items_srlYxHNd8bnWNw8yVSsX2mcVjSo_outboundProvision_channels_attributeMapping_saasFieldInfo
Path: idp_spConnections_items_srlYxHNd8bnWNw8yVSsX2mcVjSo_outboundProvision_channels_attributeMapping
Path: idp_spConnections_items_srlYxHNd8bnWNw8yVSsX2mcVjSo_outboundProvision_channels_attributeMapping_saasFieldInfo
Path: idp_spConnections_items_srlYxHNd8bnWNw8yVSsX2mcVjSo_outboundProvision_channels_channelSource
Path: idp_spConnections_items_srlYxHNd8bnWNw8yVSsX2mcVjSo_outboundProvision_channels_channelSource_changeDetectionSettings
Path: idp_spConnections_items_srlYxHNd8bnWNw8yVSsX2mcVjSo_outboundProvision_channels_channelSource_accountManagementSettings
Path: idp_spConnections_items_srlYxHNd8bnWNw8yVSsX2mcVjSo_outboundProvision_channels_channelSource_groupMembershipDetection
Path: idp_spConnections_items_srlYxHNd8bnWNw8yVSsX2mcVjSo_outboundProvision_channels_channelSource_userSourceLocation
Path: idp_spConnections_items_srlYxHNd8bnWNw8yVSsX2mcVjSo_outboundProvision_channels_channelSource_groupSourceLocation
Path: idp_spConnections_items_srlYxHNd8bnWNw8yVSsX2mcVjSo_outboundProvision_channels_channelSource_dataSource_LDAP_218F212EF3FDBB990E1B1E0C8699276AF84E4C94
Path: idp_spConnections_items_srlYxHNd8bnWNw8yVSsX2mcVjSo_outboundProvision_targetSettings
Path: idp_spConnections_items_srlYxHNd8bnWNw8yVSsX2mcVjSo_outboundProvision_targetSettings
Path: idp_spConnections_items_srlYxHNd8bnWNw8yVSsX2mcVjSo_outboundProvision_targetSettings
Path: idp_spConnections_items_srlYxHNd8bnWNw8yVSsX2mcVjSo_outboundProvision_targetSettings
Path: idp_spConnections_items_srlYxHNd8bnWNw8yVSsX2mcVjSo_outboundProvision_targetSettings
Looking for config aliase: idp_spConnections_items_srlYxHNd8bnWNw8yVSsX2mcVjSo_outboundProvision_targetSettings_basicAuthPass_value, administrativeAccounts_items_Administrator_password
Path: idp_spConnections_items_srlYxHNd8bnWNw8yVSsX2mcVjSo_outboundProvision_targetSettings
Path: idp_spConnections_items_srlYxHNd8bnWNw8yVSsX2mcVjSo_outboundProvision_targetSettings
Path: idp_spConnections_items_srlYxHNd8bnWNw8yVSsX2mcVjSo_outboundProvision_targetSettings
Path: idp_spConnections_items_srlYxHNd8bnWNw8yVSsX2mcVjSo_outboundProvision_targetSettings
Path: idp_spConnections_items_srlYxHNd8bnWNw8yVSsX2mcVjSo_outboundProvision_targetSettings
Path: idp_spConnections_items_srlYxHNd8bnWNw8yVSsX2mcVjSo_outboundProvision_targetSettings
Path: idp_spConnections_items_srlYxHNd8bnWNw8yVSsX2mcVjSo_outboundProvision_targetSettings
Path: idp_spConnections_items_srlYxHNd8bnWNw8yVSsX2mcVjSo_outboundProvision_customSchema
Path: session_settings
Path: session_settings_items
Path: session_applicationSessionPolicy
Path: session_applicationSessionPolicy_items
Path: session_authenticationSessionPolicies_global
Path: session_authenticationSessionPolicies_global_items
Path: session_authenticationSessionPolicies
Path: session_authenticationSessionPolicies_items_PoeHevA9etZ8wAQ8xIehLGbcM
Path: session_authenticationSessionPolicies_items_PoeHevA9etZ8wAQ8xIehLGbcM_authenticationSource
Path: session_authenticationSessionPolicies_items_PoeHevA9etZ8wAQ8xIehLGbcM_authenticationSource_sourceRef_HTMLFormSimplePCV
Path: session_authenticationSessionPolicies_items_ZNqqpAmrlECI4QG7jGtDuX1rX
Path: session_authenticationSessionPolicies_items_ZNqqpAmrlECI4QG7jGtDuX1rX_authenticationSource
Path: session_authenticationSessionPolicies_items_ZNqqpAmrlECI4QG7jGtDuX1rX_authenticationSource_sourceRef_sss
Path: oauth_authServerSettings
Path: oauth_authServerSettings_items
Path: oauth_authServerSettings_items_persistentGrantContract
Path: oauth_authServerSettings_items_persistentGrantContract_coreAttributes
Path: oauth_authServerSettings_items_persistentGrantContract_coreAttributes
Path: oauth_authServerSettings_items_scopes
Path: oauth_authServerSettings_items_scopes
Path: oauth_authServerSettings_items_scopes
Path: oauth_authServerSettings_items_scopes
Path: oauth_authServerSettings_items_scopes
Path: oauth_authServerSettings_items_scopes
Path: oauth_authServerSettings_items_scopes
Path: oauth_idpAdapterMappings
Path: oauth_idpAdapterMappings_items_HTMLFormSimplePCV
Path: oauth_idpAdapterMappings_items_HTMLFormSimplePCV_attributeContractFulfillment
Path: oauth_idpAdapterMappings_items_HTMLFormSimplePCV_attributeContractFulfillment_USER_NAME
Path: oauth_idpAdapterMappings_items_HTMLFormSimplePCV_attributeContractFulfillment_USER_NAME_source
Path: oauth_idpAdapterMappings_items_HTMLFormSimplePCV_attributeContractFulfillment_USER_KEY
Path: oauth_idpAdapterMappings_items_HTMLFormSimplePCV_attributeContractFulfillment_USER_KEY_source
Path: oauth_idpAdapterMappings_items_HTMLFormSimplePCV_idpAdapterRef_HTMLFormSimplePCV
Path: oauth_idpAdapterMappings_items_HTMLFormSimplePCV_issuanceCriteria
Path: oauth_idpAdapterMappings_items_openidConnector
Path: oauth_idpAdapterMappings_items_openidConnector_attributeContractFulfillment
Path: oauth_idpAdapterMappings_items_openidConnector_attributeContractFulfillment_USER_NAME
Path: oauth_idpAdapterMappings_items_openidConnector_attributeContractFulfillment_USER_NAME_source
Path: oauth_idpAdapterMappings_items_openidConnector_attributeContractFulfillment_USER_KEY
Path: oauth_idpAdapterMappings_items_openidConnector_attributeContractFulfillment_USER_KEY_source
Path: oauth_idpAdapterMappings_items_openidConnector_idpAdapterRef_openidConnector
Path: oauth_idpAdapterMappings_items_openidConnector_issuanceCriteria
Path: oauth_resourceOwnerCredentialsMappings
Path: oauth_resourceOwnerCredentialsMappings_items_UserPass
Path: oauth_resourceOwnerCredentialsMappings_items_UserPass_passwordValidatorRef_UserPass
Path: oauth_resourceOwnerCredentialsMappings_items_UserPass_attributeContractFulfillment
Path: oauth_resourceOwnerCredentialsMappings_items_UserPass_attributeContractFulfillment_USER_KEY
Path: oauth_resourceOwnerCredentialsMappings_items_UserPass_attributeContractFulfillment_USER_KEY_source
Path: oauth_resourceOwnerCredentialsMappings_items_UserPass_issuanceCriteria
Path: oauth_cibaServerPolicy_settings
Path: oauth_cibaServerPolicy_settings_items
Path: oauth_tokenExchange_processor_settings
Path: oauth_tokenExchange_processor_settings_items
Path: oauth_clients
Path: oauth_clients_items
Path: oauth_clients_items_defaultAccessTokenManagerRef_jwt
Path: oauth_clients_items_clientAuth
Path: oauth_clients_items
Path: oauth_clients_items_jwksSettings
Path: oauth_clients_items_defaultAccessTokenManagerRef_jwt
Path: oauth_clients_items_clientAuth
Looking for config aliase: oauth_clients_items_clientAuth_ac_oic_client_secret, administrativeAccounts_items_Administrator_password
Path: oauth_clients_items
Path: oauth_clients_items_jwksSettings
Path: oauth_clients_items_defaultAccessTokenManagerRef_jwt
Path: oauth_clients_items_clientAuth
Path: oauth_clients_items
Path: oauth_clients_items_defaultAccessTokenManagerRef_jwt
Path: oauth_clients_items_clientAuth
Looking for config aliase: oauth_clients_items_clientAuth_cc_secret_client_secret, administrativeAccounts_items_Administrator_password
Path: oauth_clients_items
Path: oauth_clients_items_defaultAccessTokenManagerRef_jwt
Path: oauth_clients_items_clientAuth
Path: oauth_clients_items
Path: oauth_clients_items_defaultAccessTokenManagerRef_jwt
Path: oauth_clients_items_clientAuth
Path: oauth_clients_items
Path: oauth_clients_items_jwksSettings
Path: oauth_clients_items_defaultAccessTokenManagerRef_jwt
Path: oauth_clients_items_clientAuth
Path: oauth_clients_items
Path: oauth_clients_items_defaultAccessTokenManagerRef_jwt
Path: oauth_clients_items_clientAuth
Path: oauth_clients_items
Path: oauth_clients_items_defaultAccessTokenManagerRef_jwt
Path: oauth_clients_items_clientAuth
Path: oauth_clients_items
Path: oauth_clients_items_extendedParameters
Path: oauth_clients_items_extendedParameters_Bussiness
Path: oauth_clients_items_defaultAccessTokenManagerRef_jwt
Path: oauth_clients_items_clientAuth
Looking for config aliase: oauth_clients_items_clientAuth_rs_client_secret, administrativeAccounts_items_Administrator_password
Path: oauth_clients_items
Path: oauth_clients_items_defaultAccessTokenManagerRef_jwt
Path: oauth_clients_items_clientAuth
Path: oauth_clientSettings
Path: oauth_clientSettings_items
Path: oauth_clientSettings_items_clientMetadata
Path: oauth_accessTokenMappings
Path: oauth_accessTokenMappings_items_default_jwt
Path: oauth_accessTokenMappings_items_default_jwt_context
Path: oauth_accessTokenMappings_items_default_jwt_attributeContractFulfillment
Path: oauth_accessTokenMappings_items_default_jwt_attributeContractFulfillment_Username
Path: oauth_accessTokenMappings_items_default_jwt_attributeContractFulfillment_Username_source
Path: oauth_accessTokenMappings_items_default_jwt_attributeContractFulfillment_OrgName
Path: oauth_accessTokenMappings_items_default_jwt_attributeContractFulfillment_OrgName_source
Path: oauth_accessTokenMappings_items_default_jwt_issuanceCriteria
Path: oauth_accessTokenMappings_items_default_jwt_accessTokenManagerRef_jwt
Path: oauth_accessTokenMappings_items_default_ref
Path: oauth_accessTokenMappings_items_default_ref_context
Path: oauth_accessTokenMappings_items_default_ref_attributeContractFulfillment
Path: oauth_accessTokenMappings_items_default_ref_attributeContractFulfillment_Username
Path: oauth_accessTokenMappings_items_default_ref_attributeContractFulfillment_Username_source
Path: oauth_accessTokenMappings_items_default_ref_attributeContractFulfillment_OrgName
Path: oauth_accessTokenMappings_items_default_ref_attributeContractFulfillment_OrgName_source
Path: oauth_accessTokenMappings_items_default_ref_issuanceCriteria
Path: oauth_accessTokenMappings_items_default_ref_accessTokenManagerRef_ref
Path: authenticationSelectors
Path: authenticationSelectors_items_abc123
Path: authenticationSelectors_items_abc123_configuration
Path: authenticationSelectors_items_abc123_configuration_tables
Path: authenticationSelectors_items_abc123_configuration_tables_rows
Path: authenticationSelectors_items_abc123_configuration_tables_rows_fields
Path: authenticationSelectors_items_abc123_configuration_fields
Path: authenticationSelectors_items_abc123_pluginDescriptorRef_com.pingidentity.pf.selectors.cidr.CIDRAdapterSelector
Path: authenticationSelectors_items_abc123_attributeContract
Path: authenticationApi_settings
Path: authenticationApi_settings_items
Path: authenticationPolicies_default
Path: authenticationPolicies_default_items
Path: authenticationPolicies_default_items_authnSelectionTrees
Path: authenticationPolicies_default_items_authnSelectionTrees_rootNode
Path: authenticationPolicies_default_items_authnSelectionTrees_rootNode_children
Path: authenticationPolicies_default_items_authnSelectionTrees_rootNode_children_children
Path: authenticationPolicies_default_items_authnSelectionTrees_rootNode_children_children_action
Path: authenticationPolicies_default_items_authnSelectionTrees_rootNode_children_children
Path: authenticationPolicies_default_items_authnSelectionTrees_rootNode_children_children_action
Path: authenticationPolicies_default_items_authnSelectionTrees_rootNode_children_action
Path: authenticationPolicies_default_items_authnSelectionTrees_rootNode_children_action_authenticationSource
Path: authenticationPolicies_default_items_authnSelectionTrees_rootNode_children_action_authenticationSource_sourceRef_HTMLFormSimplePCV
Path: authenticationPolicies_default_items_authnSelectionTrees_rootNode_children
Path: authenticationPolicies_default_items_authnSelectionTrees_rootNode_children_children
Path: authenticationPolicies_default_items_authnSelectionTrees_rootNode_children_children_action
Path: authenticationPolicies_default_items_authnSelectionTrees_rootNode_children_children
Path: authenticationPolicies_default_items_authnSelectionTrees_rootNode_children_children_action
Path: authenticationPolicies_default_items_authnSelectionTrees_rootNode_children_action
Path: authenticationPolicies_default_items_authnSelectionTrees_rootNode_children_action_authenticationSource
Path: authenticationPolicies_default_items_authnSelectionTrees_rootNode_children_action_authenticationSource_sourceRef_openidConnector
Path: authenticationPolicies_default_items_authnSelectionTrees_rootNode_action
Path: authenticationPolicies_default_items_authnSelectionTrees_rootNode_action_authenticationSelectorRef_abc123
Path: authenticationPolicies_settings
Path: authenticationPolicies_settings_items
